<?xml version="1.0" encoding="UTF-8"?>
<!-- Generated by org.testng.reporters.JUnitXMLReporter -->
<testsuite hostname="DESKTOP-USQSCRA" failures="1" tests="2" name="Test" time="0.014" errors="0" timestamp="15 Oct 2022 10:27:38 GMT">
  <testcase classname="com.ramusoft.automation.appin.businesses.OpencartTest" name="@BeforeSuite openBrowser" time="0.0">
    <failure type="org.openqa.selenium.SessionNotCreatedException" message="session not created: This version of ChromeDriver only supports Chrome version 101
Current browser version is 106.0.5249.119 with binary path C:\Program Files\Google\Chrome\Application\chrome.exe
  (Driver info: chromedriver=101.0.4951.41 (93c720db8323b3ec10d056025ab95c23a31997c9-refs/branch-heads/4951@{#904}),platform=Windows NT 10.0.19044 x86_64) (WARNING: The server did not provide any stacktrace information)
Command duration or timeout: 3.41 seconds
Build info: version: &amp;apos;2.50.1&amp;apos;, revision: &amp;apos;d7fc91b&amp;apos;, time: &amp;apos;2016-01-29 19:04:49&amp;apos;
System info: host: &amp;apos;DESKTOP-USQSCRA&amp;apos;, ip: &amp;apos;192.168.29.69&amp;apos;, os.name: &amp;apos;Windows 10&amp;apos;, os.arch: &amp;apos;amd64&amp;apos;, os.version: &amp;apos;10.0&amp;apos;, java.version: &amp;apos;16.0.1&amp;apos;
Driver info: org.openqa.selenium.chrome.ChromeDriver">
      <![CDATA[org.openqa.selenium.SessionNotCreatedException: session not created: This version of ChromeDriver only supports Chrome version 101
Current browser version is 106.0.5249.119 with binary path C:\Program Files\Google\Chrome\Application\chrome.exe
  (Driver info: chromedriver=101.0.4951.41 (93c720db8323b3ec10d056025ab95c23a31997c9-refs/branch-heads/4951@{#904}),platform=Windows NT 10.0.19044 x86_64) (WARNING: The server did not provide any stacktrace information)
Command duration or timeout: 3.41 seconds
Build info: version: '2.50.1', revision: 'd7fc91b', time: '2016-01-29 19:04:49'
System info: host: 'DESKTOP-USQSCRA', ip: '192.168.29.69', os.name: 'Windows 10', os.arch: 'amd64', os.version: '10.0', java.version: '16.0.1'
Driver info: org.openqa.selenium.chrome.ChromeDriver
	at org.openqa.selenium.remote.ErrorHandler.createThrowable(ErrorHandler.java:206)
	at org.openqa.selenium.remote.ErrorHandler.throwIfResponseFailed(ErrorHandler.java:158)
	at org.openqa.selenium.remote.RemoteWebDriver.execute(RemoteWebDriver.java:678)
	at org.openqa.selenium.remote.RemoteWebDriver.startSession(RemoteWebDriver.java:249)
	at org.openqa.selenium.remote.RemoteWebDriver.<init>(RemoteWebDriver.java:131)
	at org.openqa.selenium.remote.RemoteWebDriver.<init>(RemoteWebDriver.java:144)
	at org.openqa.selenium.chrome.ChromeDriver.<init>(ChromeDriver.java:170)
	at org.openqa.selenium.chrome.ChromeDriver.<init>(ChromeDriver.java:159)
	at org.openqa.selenium.chrome.ChromeDriver.<init>(ChromeDriver.java:116)
	at com.ramusoft.automaton.base.BaseTest.openBrowser(BaseTest.java:51)
... Removed 23 stack frames]]>
    </failure>
  </testcase> <!-- @BeforeSuite openBrowser -->
  <testcase classname="com.ramusoft.automation.appin.businesses.OpencartTest" name="@BeforeTest initextentreports" time="0.0">
    <skipped/>
  </testcase> <!-- @BeforeTest initextentreports -->
  <testcase classname="com.ramusoft.automation.appin.businesses.OpencartTest" name="@BeforeMethod BeforeTestcaseexcution" time="0.0">
    <skipped/>
  </testcase> <!-- @BeforeMethod BeforeTestcaseexcution -->
  <testcase classname="com.ramusoft.automation.appin.businesses.OpencartTest" name="verifylaptopsandNotebooks" time="0.001">
    <skipped/>
  </testcase> <!-- verifylaptopsandNotebooks -->
  <testcase classname="com.ramusoft.automation.appin.businesses.OpencartTest" name="verifylaptopsandNotebooks" time="0.005">
    <failure type="java.lang.NullPointerException" message="Cannot invoke &amp;quot;org.openqa.selenium.TakesScreenshot.getScreenshotAs(org.openqa.selenium.OutputType)&amp;quot; because &amp;quot;takescreenshoot&amp;quot; is null">
      <![CDATA[java.lang.NullPointerException: Cannot invoke "org.openqa.selenium.TakesScreenshot.getScreenshotAs(org.openqa.selenium.OutputType)" because "takescreenshoot" is null
	at com.ramusoft.automatio.utilitis.ScreenshotUtility.takesecreenshot(ScreenshotUtility.java:19)
	at com.ramusoft.automation.lisners.TestcaseAdapter.onTestSkipped(TestcaseAdapter.java:28)
... Removed 21 stack frames]]>
    </failure>
  </testcase> <!-- verifylaptopsandNotebooks -->
</testsuite> <!-- Test -->
